HUD/Nsp2_tables.sas:  NeighborhoodInfo DC                                                   17:21 Thursday, May 21, 2009   1

The FREQ Procedure

                                       Cumulative    Cumulative
nforeclose    Frequency     Percent     Frequency      Percent
---------------------------------------------------------------
         1          10        1.10            10         1.10  
         2           6        0.66            16         1.76  
         3          39        4.29            55         6.04  
         4          58        6.37           113        12.42  
         5          49        5.38           162        17.80  
         6          46        5.05           208        22.86  
         7          35        3.85           243        26.70  
         8          32        3.52           275        30.22  
         9          39        4.29           314        34.51  
        10          30        3.30           344        37.80  
        11          49        5.38           393        43.19  
        12          34        3.74           427        46.92  
        13          42        4.62           469        51.54  
        14          44        4.84           513        56.37  
        15          46        5.05           559        61.43  
        16          45        4.95           604        66.37  
        17          47        5.16           651        71.54  
        18          65        7.14           716        78.68  
        19          70        7.69           786        86.37  
        20         124       13.63           910       100.00  
HUD/Nsp2_tables.sas:  NeighborhoodInfo DC                                                   17:21 Thursday, May 21, 2009   2

The FREQ Procedure

                                     Cumulative    Cumulative
nvacancy    Frequency     Percent     Frequency      Percent
-------------------------------------------------------------
       1          61        6.70            61         6.70  
       2           6        0.66            67         7.36  
       3          51        5.60           118        12.97  
       4          64        7.03           182        20.00  
       5          61        6.70           243        26.70  
       6          67        7.36           310        34.07  
       7          58        6.37           368        40.44  
       8          77        8.46           445        48.90  
       9         109       11.98           554        60.88  
      10          73        8.02           627        68.90  
      11          56        6.15           683        75.05  
      12          60        6.59           743        81.65  
      13          32        3.52           775        85.16  
      14          39        4.29           814        89.45  
      15          27        2.97           841        92.42  
      16          15        1.65           856        94.07  
      17          24        2.64           880        96.70  
      18          16        1.76           896        98.46  
      19          10        1.10           906        99.56  
      20           4        0.44           910       100.00  
HUD/Nsp2_tables.sas:  NeighborhoodInfo DC                                                   17:21 Thursday, May 21, 2009   3

nforeclose                                                         Cum.              Cum.
 Midpoint                                                    Freq  Freq  Percent  Percent
             |
         1   |************                                     58    58     1.97     1.97
             |
         2   |**************                                   71   129     2.41     4.38
             |
         3   |***********************                         115   244     3.90     8.28
             |
         4   |**************************                      131   375     4.45    12.72
             |
         5   |************************                        121   496     4.11    16.83
             |
         6   |*************************                       127   623     4.31    21.14
             |
         7   |******************************                  150   773     5.09    26.23
             |
         8   |*****************************                   145   918     4.92    31.15
             |
         9   |********************************                161  1079     5.46    36.61
             |
        10   |******************************                  149  1228     5.06    41.67
             |
        11   |***********************************             173  1401     5.87    47.54
             |
        12   |*********************************               167  1568     5.67    53.21
             |
        13   |******************************                  150  1718     5.09    58.30
             |
        14   |***********************************             176  1894     5.97    64.27
             |
        15   |***********************************             174  2068     5.90    70.17
             |
        16   |************************************            181  2249     6.14    76.31
             |
        17   |*********************************************   223  2472     7.57    83.88
             |
        18   |***********************************             177  2649     6.01    89.89
             |
        19   |***************************                     136  2785     4.61    94.50
             |
        20   |********************************                162  2947     5.50   100.00
             |
             ----+---+---+---+---+---+---+---+---+---+---+-
                 20  40  60  80 100 120 140 160 180 200 220
HUD/Nsp2_tables.sas:  NeighborhoodInfo DC                                                   17:21 Thursday, May 21, 2009   4

nvacancy                                                                                         Cum.              Cum.
Midpoint                                                                                   Freq  Freq  Percent  Percent
           |
       1   |*****************************************************************************   383   383    13.00    13.00
           |
       2   |**************                                                                   71   454     2.41    15.41
           |
       3   |****************************                                                    141   595     4.78    20.19
           |
       4   |*******************************                                                 157   752     5.33    25.52
           |
       5   |**********************************                                              170   922     5.77    31.29
           |
       6   |**************************************                                          192  1114     6.52    37.80
           |
       7   |*********************************************                                   224  1338     7.60    45.40
           |
       8   |***************************************************                             256  1594     8.69    54.09
           |
       9   |**************************************************************                  308  1902    10.45    64.54
           |
      10   |*********************************                                               167  2069     5.67    70.21
           |
      11   |*************************                                                       126  2195     4.28    74.48
           |
      12   |*******************************                                                 154  2349     5.23    79.71
           |
      13   |*****************                                                                87  2436     2.95    82.66
           |
      14   |********************                                                            102  2538     3.46    86.12
           |
      15   |**************                                                                   68  2606     2.31    88.43
           |
      16   |*************                                                                    67  2673     2.27    90.70
           |
      17   |****************                                                                 80  2753     2.71    93.42
           |
      18   |************                                                                     62  2815     2.10    95.52
           |
      19   |************                                                                     60  2875     2.04    97.56
           |
      20   |**************                                                                   72  2947     2.44   100.00
           |
           ----+---+---+---+---+---+---+---+---+---+---+---+---+---+---+---+---+---+---+-
               20  40  60  80 100 120 140 160 180 200 220 240 260 280 300 320 340 360 380
------------------------------------------------------------------------------------------
|                      |                     Number of Census Tracts                     |
|                      |-----------------------------------------------------------------|
|                      |          |     Foreclosure Risk Index     | Vacancy Risk Index  |
|                      |          |--------------------------------+---------------------|
|                      |  Total   |   18+    |  16-17   |Under\~16 |   18+    |  16-17   |
|----------------------+----------+----------+----------+----------+----------+----------|
|\b COG Region         |       910|       259|        92|       559|        30|        39|
|Alexandria city       |        32|         2|         2|        28|         -|         -|
|Arlington County      |        39|         -|         1|        38|         -|         -|
|District of Columbia  |       188|         -|         7|       181|        16|        23|
|Fairfax County        |       165|        31|        20|       114|         -|         1|
|Fairfax city          |         5|         -|         -|         5|         -|         -|
|Falls Church city     |         3|         -|         -|         3|         -|         -|
|Frederick County      |        32|        13|         3|        16|         -|         1|
|Loudoun County        |        32|        21|         5|         6|         -|         1|
|Manassas Park city    |         2|         2|         -|         -|         1|         -|
|Manassas city         |         4|         4|         -|         -|         -|         1|
|Montgomery County     |       177|        19|        21|       137|         -|         -|
|Prince George's County|       183|       124|        29|        30|         9|        11|
|Prince William County |        48|        43|         4|         1|         4|         1|
------------------------------------------------------------------------------------------

(Continued)
-----------------------------------
|                      |Number of |
|                      |  Census  |
|                      |  Tracts  |
|                      |----------|
|                      | Vacancy  |
|                      |Risk Index|
|                      |----------|
|                      |Under\~16 |
|----------------------+----------|
|\b COG Region         |       841|
|Alexandria city       |        32|
|Arlington County      |        39|
|District of Columbia  |       149|
|Fairfax County        |       164|
|Fairfax city          |         5|
|Falls Church city     |         3|
|Frederick County      |        31|
|Loudoun County        |        31|
|Manassas Park city    |         1|
|Manassas city         |         3|
|Montgomery County     |       177|
|Prince George's County|       163|
|Prince William County |        43|
-----------------------------------
------------------------------------------------------------------------------------------
|                      |              Total Housing Units in Tracts (2000)               |
|                      |-----------------------------------------------------------------|
|                      |          |     Foreclosure Risk Index     | Vacancy Risk Index  |
|                      |          |--------------------------------+---------------------|
|                      |  Total   |   18+    |  16-17   |Under\~16 |   18+    |  16-17   |
|----------------------+----------+----------+----------+----------+----------+----------|
|\b COG Region         | 1,687,580|   590,999|   197,867|   898,714|    48,288|    59,483|
|Alexandria city       |    64,251|     7,189|     8,928|    48,134|         -|         -|
|Arlington County      |    90,426|         -|     3,599|    86,827|         -|         -|
|District of Columbia  |   274,845|         -|    13,576|   261,269|    22,990|    32,460|
|Fairfax County        |   359,411|   119,362|    55,017|   185,032|         -|     1,950|
|Fairfax city          |     8,204|         -|         -|     8,204|         -|         -|
|Falls Church city     |     4,725|         -|         -|     4,725|         -|         -|
|Frederick County      |    73,017|    44,521|     6,437|    22,059|         -|     3,104|
|Loudoun County        |    62,160|    44,927|     8,905|     8,328|         -|     1,846|
|Manassas Park city    |     3,365|     3,365|         -|         -|     1,699|         -|
|Manassas city         |    12,114|    12,114|         -|         -|         -|     3,322|
|Montgomery County     |   334,632|    49,179|    53,117|   232,336|         -|         -|
|Prince George's County|   302,378|   218,293|    43,945|    40,140|    14,873|    15,687|
|Prince William County |    98,052|    92,049|     4,343|     1,660|     8,726|     1,114|
------------------------------------------------------------------------------------------

(Continued)
-----------------------------------
|                      |  Total   |
|                      | Housing  |
|                      | Units in |
|                      |  Tracts  |
|                      |  (2000)  |
|                      |----------|
|                      | Vacancy  |
|                      |Risk Index|
|                      |----------|
|                      |Under\~16 |
|----------------------+----------|
|\b COG Region         | 1,579,809|
|Alexandria city       |    64,251|
|Arlington County      |    90,426|
|District of Columbia  |   219,395|
|Fairfax County        |   357,461|
|Fairfax city          |     8,204|
|Falls Church city     |     4,725|
|Frederick County      |    69,913|
|Loudoun County        |    60,314|
|Manassas Park city    |     1,666|
|Manassas city         |     8,792|
|Montgomery County     |   334,632|
|Prince George's County|   271,818|
|Prince William County |    88,212|
-----------------------------------
