1                                         The SAS System               17:21 Thursday, May 21, 2009

NOTE: Copyright (c) 2002-2003 by SAS Institute Inc., Cary, NC, USA. 
NOTE: SAS (r) 9.1 (TS1M3)
      Licensed to THE URBAN INSTITUTE, Site 0038838128.
NOTE: This session is executing on the XP_PRO  platform.



NOTE: SAS 9.1.3 Service Pack 4

NOTE: SAS initialization used:
      real time           2.39 seconds
      cpu time            0.15 seconds
      

NOTE: AUTOEXEC processing beginning; file is D:\Personal Settings\My SAS Files\V9\Autoexnt.sas.


NOTE: AUTOEXEC processing completed.

1          /**************************************************************************
2           Program:  Nsp2_tables.sas
3           Library:  HUD
4           Project:  NeighborhoodInfo DC
5           Author:   P. Tatian
6           Created:  05/21/09
7           Version:  SAS 9.1
8           Environment:  Windows
9          
10          Description:  Tables from NSP2 tract data.
11         
12          Modifications:
13         **************************************************************************/
14         
15         %include "K:\Metro\PTatian\DCData\SAS\Inc\Stdhead.sas";
47        +
48        +options ls=124 ps=48;    ** Landscape **;
49        +
50        +** Output title **;
51        +
52        +title "&_library/&_program:  NeighborhoodInfo DC";
53        +
54        +** Define General library for local session only **;
55        +
56        +%DCData_lib( General, env=windows, macdef=dcautos uiautos sasautos )
MPRINT(DCDATA_LIB):   options nomprint;
NOTE: Libref GENERAV6 was successfully assigned as follows: 
2 The SAS System                                                                                17:21 Thursday, May 21, 2009

      Engine:        V6 
      Physical Name: D:\DCData\Libraries\General\Data
NOTE: Libref GENERAV8 was successfully assigned as follows: 
      Engine:        V8 
      Physical Name: D:\DCData\Libraries\General\Data
NOTE: Libref GENERAL was successfully assigned as follows: 
      Levels:           2
      Engine(1):        V8 
      Physical Name(1): D:\DCData\Libraries\General\Data
      Engine(2):        V6 
      Physical Name(2): D:\DCData\Libraries\General\Data

=====================================================================
Current FmtSearch Option value:

     WORK* LIBRARY* GENERAL

   *implicitly included by default.

=====================================================================
Status of current catalogs:

NOTE:    WORK.FORMATS DOES NOT EXIST
NOTE:    LIBRARY.FORMATS DOES NOT EXIST
NOTE:    GENERAL.FORMATS EXISTS
=====================================================================


=====================================================================
Current Sasautos Option value:

     GENERAL DCAUTOS UIAUTOS SASAUTOS

=====================================================================

57        +
NOTE: %INCLUDE (level 1) ending.
58         
59         ** Define libraries **;
60         %DCData_lib( HUD )
MPRINT(DCDATA_LIB):   options nomprint;
NOTE: Libref HUDV6 was successfully assigned as follows: 
      Engine:        V6 
      Physical Name: D:\DCData\Libraries\HUD\Data
NOTE: Libref HUDV8 was successfully assigned as follows: 
      Engine:        V8 
3 The SAS System                                                                                17:21 Thursday, May 21, 2009

      Physical Name: D:\DCData\Libraries\HUD\Data
NOTE: Libref HUD was successfully assigned as follows: 
      Levels:           2
      Engine(1):        V8 
      Physical Name(1): D:\DCData\Libraries\HUD\Data
      Engine(2):        V6 
      Physical Name(2): D:\DCData\Libraries\HUD\Data

=====================================================================
Current FmtSearch Option value:

     WORK* LIBRARY* GENERAL HUD

   *implicitly included by default.

=====================================================================
Status of current catalogs:

NOTE:    WORK.FORMATS DOES NOT EXIST
NOTE:    LIBRARY.FORMATS DOES NOT EXIST
NOTE:    GENERAL.FORMATS EXISTS
NOTE:    HUD.FORMATS EXISTS
=====================================================================


=====================================================================
Current Sasautos Option value:

     HUD GENERAL DCAUTOS UIAUTOS SASAUTOS

=====================================================================

61         %DCData_lib( NCDB )
MPRINT(DCDATA_LIB):   options nomprint;
NOTE: Libref NCDBV6 was successfully assigned as follows: 
      Engine:        V6 
      Physical Name: D:\DCData\Libraries\NCDB\Data
NOTE: Libref NCDBV8 was successfully assigned as follows: 
      Engine:        V8 
      Physical Name: D:\DCData\Libraries\NCDB\Data
NOTE: Libref NCDB was successfully assigned as follows: 
      Levels:           2
      Engine(1):        V8 
      Physical Name(1): D:\DCData\Libraries\NCDB\Data
      Engine(2):        V6 
      Physical Name(2): D:\DCData\Libraries\NCDB\Data
4 The SAS System                                                                                17:21 Thursday, May 21, 2009


=====================================================================
Current FmtSearch Option value:

     WORK* LIBRARY* GENERAL HUD NCDB

   *implicitly included by default.

=====================================================================
Status of current catalogs:

NOTE:    WORK.FORMATS DOES NOT EXIST
NOTE:    LIBRARY.FORMATS DOES NOT EXIST
NOTE:    GENERAL.FORMATS EXISTS
NOTE:    HUD.FORMATS EXISTS
NOTE:    NCDB.FORMATS DOES NOT EXIST
=====================================================================


=====================================================================
Current Sasautos Option value:

     HUD  NCDB GENERAL DCAUTOS UIAUTOS SASAUTOS

=====================================================================

62         
63         data NSP2_all_hsgu;
64         
65           merge
66             Hud.NSP2_all (in=in1)
67             Ncdb.NCDB_lf_2000_was
68               (keep=geo2000 tothsun0);
69           by geo2000;
70         
71           if in1;
72         
73           Tracts = 1;
74         
75         run;

NOTE: There were 2947 observations read from the data set HUD.NSP2_ALL.
NOTE: There were 1037 observations read from the data set NCDB.NCDB_LF_2000_WAS.
NOTE: The data set WORK.NSP2_ALL_HSGU has 2947 observations and 20 variables.
NOTE: Compressing data set WORK.NSP2_ALL_HSGU decreased size by 30.77 percent. 
      Compressed is 45 pages; un-compressed would require 65 pages.
5 The SAS System                                                                                17:21 Thursday, May 21, 2009

NOTE: DATA statement used (Total process time):
      real time           0.89 seconds
      cpu time            0.03 seconds
      

76         
77         proc freq data=Hud.NSP2_all;
78           where cog = '1';
79           tables nforeclose nvacancy / missing;
80         run;

NOTE: There were 910 observations read from the data set HUD.NSP2_ALL.
      WHERE cog='1';
NOTE: The PROCEDURE FREQ printed pages 1-2.
NOTE: PROCEDURE FREQ used (Total process time):
      real time           0.61 seconds
      cpu time            0.00 seconds
      

81         
82         proc chart data=Hud.NSP2_all;
83           hbar nforeclose nvacancy;
84         run;

NOTE: The PROCEDURE CHART printed pages 3-4.
NOTE: PROCEDURE CHART used (Total process time):
      real time           0.01 seconds
      cpu time            0.00 seconds
      

85         
86         proc format;
87           value index (notsorted)
88             18-high = '18+'
89             16-<18 = '16-17'
90             0-<16 = 'Under\~16'
91         ;
NOTE: Format INDEX has been output.
92         
93         options missing='-' nodate nonumber;
94         
95         title1;
96         
97         ods rtf file="d:\DCData\Libraries\HUD\Prog\NSP2_tables.rtf" style=Styles.Rtf_arial_9pt;
NOTE: Writing RTF Body file: d:\DCData\Libraries\HUD\Prog\NSP2_tables.rtf
98         

NOTE: PROCEDURE FORMAT used (Total process time):
      real time           1.12 seconds
      cpu time            0.10 seconds
      

99         proc tabulate data=NSP2_all_hsgu format=comma10.0 noseps missing;
100          where cog = '1';
The SAS System

101          class cntyname;
102          class nvacancy nforeclose / preloadfmt order=data;
103          var Tracts tothsun0;
104          table
105            /** Rows **/
106            all='\b COG Region' cntyname=' ',
107            /** Columns **/
108            Tracts='Number of Census Tracts' * sum=' ' * (
109              all='Total'
110              nforeclose='Foreclosure Risk Index'
111              nvacancy='Vacancy Risk Index'
112            )
113          ;
114          table
115            /** Rows **/
116            all='\b COG Region' cntyname=' ',
117            /** Columns **/
118            tothsun0='Total Housing Units in Tracts (2000)' * sum=' ' * (
119              all='Total'
120              nforeclose='Foreclosure Risk Index'
121              nvacancy='Vacancy Risk Index'
122            )
123          ;
124          format nforeclose nvacancy index.;
125        
126        
127        run;

NOTE: Multiple concurrent threads will be used to summarize data.
NOTE: There were 910 observations read from the data set WORK.NSP2_ALL_HSGU.
      WHERE cog='1';
NOTE: The PROCEDURE TABULATE printed pages 5-8.
NOTE: PROCEDURE TABULATE used (Total process time):
      real time           0.31 seconds
      cpu time            0.03 seconds
      

128        
129        ods rtf close;
NOTE: SAS Institute Inc., SAS Campus Drive, Cary, NC USA 27513-2414
NOTE: The SAS System used:
      real time           6.26 seconds
      cpu time            0.40 seconds
      
