HUD/Read_NSP2.sas:  NeighborhoodInfo DC                                                     12:25 Thursday, May 21, 2009   1
File = Hud.NSP2_all

The CONTENTS Procedure

Data Set Name        HUD.NSP2_ALL                          Observations           2947
Member Type          DATA                                  Variables              18  
Engine               V8                                    Indexes                0   
Created              Thursday, May 21, 2009 12:25:47 PM    Observation Length     160 
Last Modified        Thursday, May 21, 2009 12:25:47 PM    Deleted Observations   0   
Protection                                                 Compressed             CHAR
Data Set Type                                              Reuse Space            NO  
Label                HUD NSP2 tract data, DC/MD/VA         Point to Observations  YES 
Data Representation  WINDOWS_32                            Sorted                 NO  
Encoding             wlatin1  Western (Windows)                                       


                    Engine/Host Dependent Information

Data Set Page Size          8192                                          
Number of Data Set Pages    42                                            
Number of Data Set Repairs  0                                             
File Name                   D:\DCData\Libraries\HUD\Data\nsp2_all.sas7bdat
Release Created             9.0101M3                                      
Host Created                XP_PRO                                        


Alphabetic List of Variables and Attributes
 
 #    Variable              Type    Len

 3    cntyname              Char     40
18    cog                   Char      1
 6    fordq_num             Num       8
 7    fordq_rate            Num       8
 1    geo2000               Char     11
17    msa2003               Char      5
 4    nforeclose            Num       8
 9    num_mort_tract        Num       8
 5    nvacancy              Num       8
13    ofheo_price_change    Num       8
12    pct_hchl              Num       8
11    pct_hcll              Num       8
10    pct_lchl              Num       8
14    pct_unem_2008         Num       8
 2    sta                   Char      2
16    ucounty               Char      5
15    unem_ch0708           Num       8
HUD/Read_NSP2.sas:  NeighborhoodInfo DC                                                     12:25 Thursday, May 21, 2009   2
File = Hud.NSP2_all

The CONTENTS Procedure

Alphabetic List of Variables and Attributes
 
 #    Variable              Type    Len

 8    vac_rate              Num       8
HUD/Read_NSP2.sas:  NeighborhoodInfo DC                                                     12:25 Thursday, May 21, 2009   3
File = Hud.NSP2_all
Printing first 10 obs.

                                                                                         o
                                                                                         f
                                                                                         h
                                                                                         e
                                                                    n                    o
                                                                    u                    _    p
                                                                    m                    p    c
                                                                    _                    r    t   u
                                             n          f           m                    i    _   n
                                             f      f   o           o                    c    u   e
                                c            o  n   o   r    v      r     p   p    p     e    n   m
           g                    n            r  v   r   d    a      t     c   c    c     _    e   _     u      m
           e                    t            e  a   d   q    c      _     t   t    t     c    m   c     c      s
           o                    y            c  c   q   _    _      t     _   _    _     h    _   h     o      a
           2                    n            l  a   _   r    r      r     l   h    h     a    2   0     u      2
  O        0       s            a            o  n   n   a    a      a     c   c    c     n    0   7     n      0    c
  b        0       t            m            s  c   u   t    t      c     h   l    h     g    0   0     t      0    o
  s        0       a            e            e  y   m   e    e      t     l   l    l     e    8   8     y      3    g

   1  11001000100  DC  District of Columbia  8  8  40  4.0  0.8  1016  27.5  1.9  0.9  -15.4  7  1.5  11001  47900  1
   2  11001000201  DC  District of Columbia  4  4   1  5.7   .     20   0.0  0.0  0.0  -15.4  7  1.5  11001  47900  1
   3  11001000202  DC  District of Columbia  7  7  37  4.3  0.9   867  24.9  1.4  1.6  -15.4  7  1.5  11001  47900  1
   4  11001000300  DC  District of Columbia  8  8  39  3.9  0.4  1000  28.4  1.3  1.4  -15.4  7  1.5  11001  47900  1
   5  11001000400  DC  District of Columbia  3  3  11  4.4  0.6   257  21.8  1.3  1.3  -15.4  7  1.5  11001  47900  1
   6  11001000501  DC  District of Columbia  3  3  10  4.8  0.1   216  20.2  2.9  1.4  -15.4  7  1.5  11001  47900  1
   7  11001000502  DC  District of Columbia  3  3  17  4.0  0.4   429  25.6  1.2  1.0  -15.4  7  1.5  11001  47900  1
   8  11001000600  DC  District of Columbia  6  6  31  4.0  0.8   761  26.0  1.0  1.4  -15.4  7  1.5  11001  47900  1
   9  11001000701  DC  District of Columbia  7  7  34  4.2  1.3   804  23.8  1.3  1.0  -15.4  7  1.5  11001  47900  1
  10  11001000702  DC  District of Columbia  4  4  20  4.3  1.0   455  23.0  1.8  0.9  -15.4  7  1.5  11001  47900  1
HUD/Read_NSP2.sas:  NeighborhoodInfo DC                                                     12:25 Thursday, May 21, 2009   4
File = Hud.NSP2_all

The MEANS Procedure

Variable                 N             Sum            Mean         Std Dev         Minimum         Maximum
----------------------------------------------------------------------------------------------------------
nforeclose            2947        34213.00      11.6094333       5.3541089       1.0000000      20.0000000
nvacancy              2947        24577.00       8.3396675       5.1419429       1.0000000      20.0000000
fordq_num             2947       223246.00      75.7536478      80.2137444               0     756.0000000
fordq_rate            2947        24280.60       8.2390906       4.2994796               0      41.4000000
vac_rate              2821         6347.10       2.2499468       4.3787799               0      78.1000000
num_mort_tract        2947      2781793.00     943.9406176     811.3495794               0        10149.00
pct_lchl              2922        52724.00      18.0438056       8.9201765               0     100.0000000
pct_hcll              2922        34318.10      11.7447296      11.1662523               0     100.0000000
pct_hchl              2922        30267.80      10.3585900       6.5825454               0     100.0000000
ofheo_price_change    2936       -21930.90      -7.4696526       5.7290701     -21.2000000               0
pct_unem_2008         2935        13544.20       4.6147189       1.4186608       2.5000000      12.1000000
unem_ch0708           2935         2944.30       1.0031687       0.3768978               0       4.0000000
----------------------------------------------------------------------------------------------------------
HUD/Read_NSP2.sas:  NeighborhoodInfo DC                                                     12:25 Thursday, May 21, 2009   5
File = Hud.NSP2_all

The FREQ Procedure

                                Cumulative    Cumulative
sta    Frequency     Percent     Frequency      Percent
--------------------------------------------------------
DC          188        6.38           188         6.38  
MD         1218       41.33          1406        47.71  
VA         1541       52.29          2947       100.00  


                                    Cumulative    Cumulative
msa2003    Frequency     Percent     Frequency      Percent
------------------------------------------------------------
               1938       65.76          1938        65.76  
47900          1009       34.24          2947       100.00  
HUD/Read_NSP2.sas:  NeighborhoodInfo DC                                                     12:25 Thursday, May 21, 2009   6

The FREQ Procedure

msa2003    cog    ucounty    cntyname                  Frequency
----------------------------------------------------------------
47900      0      24009      Calvert County                  17 
47900      0      24017      Charles County                  24 
47900      0      51043      Clarke County                    3 
47900      0      51061      Fauquier County                 10 
47900      0      51177      Spotsylvania County             10 
47900      0      51179      Stafford County                 23 
47900      0      51187      Warren County                    7 
47900      0      51630      Fredericksburg city              5 
47900      1      11001      District of Columbia           188 
47900      1      24021      Frederick County                32 
47900      1      24031      Montgomery County              177 
47900      1      24033      Prince George's County         183 
47900      1      51013      Arlington County                39 
47900      1      51059      Fairfax County                 165 
47900      1      51107      Loudoun County                  32 
47900      1      51153      Prince William County           48 
47900      1      51510      Alexandria city                 32 
47900      1      51600      Fairfax city                     5 
47900      1      51610      Falls Church city                3 
47900      1      51683      Manassas city                    4 
47900      1      51685      Manassas Park city               2 

Frequency Missing = 1938
