1                                        The SAS System            13:47 Friday, October 22, 2004

NOTE: Copyright (c) 1999-2001 by SAS Institute Inc., Cary, NC, USA. 
NOTE: SAS (r) Proprietary Software Release 8.2 (TS2M0)
      Licensed to THE URBAN INSTITUTE, Site 0015141001.
NOTE: This session is executing on the WIN_PRO  platform.



WARNING: Your system is scheduled to expire on November 12, 2004, which is 21 days from now.  
         Please contact your SAS Software Representative to obtain your updated SETINIT 
         information.  The SAS System will no longer function on or after that date.

         will expire within 30 days. Please contact your SAS installation 
         representative to have it renewed.

         "D:\DCData\Libraries\HUD\Prog\HUD951_1996_ny.sas" is associated will 
         expire within 30 days. Please contact your SAS installation 
         representative to have it renewed.
NOTE: SAS initialization used:
      real time           11.15 seconds
      cpu time            1.67 seconds
      

NOTE: AUTOEXEC processing beginning; file is D:\Personal Settings\My SAS Files\V8\Autoexnt.sas.


NOTE: AUTOEXEC processing completed.

1          ************************************************************************
2          * Program:  HUD951_1996_ny.sas
3          * Library:  HUD
4          * Project:  DC Data Warehouse
5          * Author:   P. Tatian
6          * Created:  10/21/04
7          * Version:  SAS 8.2
8          * Environment:  Windows
9          *
10         * Description:  Create NY extract from HUD 951 data file
11         * (30 July 1996).  For Deborah Chester (JPC).
12         *
13         * Modifications:
14         ************************************************************************;
15         
16         %include "K:\Metro\PTatian\DCData\SAS\Inc\Stdhead.sas";
47        +
48        +options ls=124 ps=48;    ** Landscape **;
49        +
2 The SAS System                                                                              13:47 Friday, October 22, 2004

50        +** Output title **;
51        +
52        +title "&_library/&_program:  DC Data Warehouse";
53        +
NOTE: %INCLUDE (level 1) ending.
54         
55         ** Define libraries **;
56         %DCData_lib( HUD )
MPRINT(DCDATA_LIB):   options nomprint;
NOTE: Libref HUDV6 was successfully assigned as follows: 
      Engine:        V6 
      Physical Name: D:\DCData\Libraries\HUD\Data
NOTE: Libref HUDV8 was successfully assigned as follows: 
      Engine:        V8 
      Physical Name: D:\DCData\Libraries\HUD\Data
NOTE: Libref HUD was successfully assigned as follows: 
      Levels:           2
      Engine(1):        V8 
      Physical Name(1): D:\DCData\Libraries\HUD\Data
      Engine(2):        V6 
      Physical Name(2): D:\DCData\Libraries\HUD\Data

=====================================================================
Current FmtSearch Option value:

     WORK* LIBRARY* HUD

   *implicitly included by default.

=====================================================================
Status of current catalogs:

NOTE:    WORK.FORMATS DOES NOT EXIST
NOTE:    LIBRARY.FORMATS DOES NOT EXIST
NOTE:    HUD.FORMATS DOES NOT EXIST
=====================================================================


=====================================================================
Current Sasautos Option value:

     HUD DCAUTOS UIAUTOS SASAUTOS

=====================================================================

57         
3 The SAS System                                                                              13:47 Friday, October 22, 2004

58         libname cdrom v6 "E:\HUD-951 SAS files";
NOTE: Libref CDROM was successfully assigned as follows: 
      Engine:        V6 
      Physical Name: E:\HUD-951 SAS files
59         
60         data
61           HUD.HUD951_1996_ny (label="HUD-subsidized housing projects (HUD-951), NY, 1996"

         installation representative to have it renewed.
62                               compress=no)
63           ;
64         
65           set cdrom.PRJGEO;
66         
67           where state in ( "NY" );
68         
69           format addlat addlong avelat avelong medlat medlong 12.6;
70         
71         run;

NOTE: There were 2449 observations read from the data set CDROM.PRJGEO.
      WHERE state='NY';
NOTE: The data set HUD.HUD951_1996_NY has 2449 observations and 41 variables.
NOTE: DATA statement used:
      real time           12.04 seconds
      cpu time            0.81 seconds
      

72         
73         %File_info( data=HUD.HUD951_1996_ny, freqvars=state )

         installation representative to have it renewed.

NOTE: PROCEDURE CONTENTS used:
      real time           2.78 seconds
      cpu time            0.45 seconds
      
NOTE: The PROCEDURE CONTENTS printed pages 1-2.


         installation representative to have it renewed.

NOTE: There were 10 observations read from the data set HUD.HUD951_1996_NY.
NOTE: The PROCEDURE PRINT printed page 3.
NOTE: PROCEDURE PRINT used:
      real time           0.25 seconds
4 The SAS System                                                                              13:47 Friday, October 22, 2004

      cpu time            0.04 seconds
      


         installation representative to have it renewed.

NOTE: There were 2449 observations read from the data set HUD.HUD951_1996_NY.
NOTE: The PROCEDURE MEANS printed page 4.
NOTE: PROCEDURE MEANS used:
      real time           0.45 seconds
      cpu time            0.06 seconds
      


         installation representative to have it renewed.

NOTE: There were 2449 observations read from the data set HUD.HUD951_1996_NY.
NOTE: The PROCEDURE FREQ printed page 5.
NOTE: PROCEDURE FREQ used:
      real time           0.07 seconds
      cpu time            0.04 seconds
      

74         

NOTE: SAS Institute Inc., SAS Campus Drive, Cary, NC USA 27513-2414
NOTE: The SAS System used:
      real time           31.18 seconds
      cpu time            4.07 seconds
      
